[debug] [2020-09-02T07:57:49.104Z] ----------------------------------------------------------------------
[debug] [2020-09-02T07:57:49.107Z] Command:       C:\Program Files\nodejs\node.exe C:\Users\User\AppData\Roaming\npm\node_modules\firebase-tools\lib\bin\firebase.js init
[debug] [2020-09-02T07:57:49.107Z] CLI Version:   7.12.1
[debug] [2020-09-02T07:57:49.107Z] Platform:      win32
[debug] [2020-09-02T07:57:49.107Z] Node Version:  v10.16.0
[debug] [2020-09-02T07:57:49.108Z] Time:          Wed Sep 02 2020 10:57:49 GMT+0300 (GMT+03:00)
[debug] [2020-09-02T07:57:49.108Z] ----------------------------------------------------------------------
[debug] [2020-09-02T07:57:49.108Z] 
[debug] [2020-09-02T07:57:49.121Z] > command requires scopes: ["email","openid","https://www.googleapis.com/auth/cloudplatformprojects.readonly","https://www.googleapis.com/auth/firebase","https://www.googleapis.com/auth/cloud-platform"]
[debug] [2020-09-02T07:57:49.121Z] > authorizing via signed-in user
[info] 
     ######## #### ########  ######## ########     ###     ######  ########
     ##        ##  ##     ## ##       ##     ##  ##   ##  ##       ##
     ######    ##  ########  ######   ########  #########  ######  ######
     ##        ##  ##    ##  ##       ##     ## ##     ##       ## ##
     ##       #### ##     ## ######## ########  ##     ##  ######  ########

You're about to initialize a Firebase project in this directory:

  C:\Users\User

Before we get started, keep in mind:

  * You are initializing in an existing Firebase project directory

[info] 
=== Project Setup
[info] 
[info] First, let's associate this project directory with a Firebase project.
[info] You can create multiple project aliases by running firebase use --add, 
[info] but for now we'll just set up a default project.
[info] 
[info] i  .firebaserc already has a default project, using starset-4b548.
[debug] [2020-09-02T08:02:02.259Z] > refreshing access token with scopes: ["email","https://www.googleapis.com/auth/cloud-platform","https://www.googleapis.com/auth/cloudplatformprojects.readonly","https://www.googleapis.com/auth/firebase","openid"]
[debug] [2020-09-02T08:02:02.259Z] >>> HTTP REQUEST POST https://www.googleapis.com/oauth2/v3/token  
 <request body omitted>
[debug] [2020-09-02T08:02:02.478Z] <<< HTTP RESPONSE 400
[debug] [2020-09-02T08:02:02.479Z] >>> HTTP REQUEST GET https://firebase.googleapis.com/v1beta1/projects/starset-4b548  
 
[debug] [2020-09-02T08:02:02.679Z] <<< HTTP RESPONSE 401
[debug] [2020-09-02T08:02:02.679Z] <<< HTTP RESPONSE BODY
[debug] [2020-09-02T08:02:02.682Z] HTTP Error: 401, Request had invalid authentication credentials. Expected OAuth 2 access token, login cookie or other valid authentication credential. See https://developers.google.com/identity/sign-in/web/devconsole-project.
[debug] [2020-09-02T08:02:02.884Z] FirebaseError: HTTP Error: 401, Request had invalid authentication credentials. Expected OAuth 2 access token, login cookie or other valid authentication credential. See https://developers.google.com/identity/sign-in/web/devconsole-project.
    at module.exports (C:\Users\User\AppData\Roaming\npm\node_modules\firebase-tools\lib\responseToError.js:38:12)
    at Request._callback (C:\Users\User\AppData\Roaming\npm\node_modules\firebase-tools\lib\api.js:39:35)
    at Request.self.callback (C:\Users\User\AppData\Roaming\npm\node_modules\firebase-tools\node_modules\request\request.js:185:22)
    at Request.emit (events.js:198:13)
    at Request.EventEmitter.emit (domain.js:448:20)
    at Request.<anonymous> (C:\Users\User\AppData\Roaming\npm\node_modules\firebase-tools\node_modules\request\request.js:1161:10)
    at Request.emit (events.js:198:13)
    at Request.EventEmitter.emit (domain.js:448:20)
    at IncomingMessage.<anonymous> (C:\Users\User\AppData\Roaming\npm\node_modules\firebase-tools\node_modules\request\request.js:1083:12)
    at Object.onceWrapper (events.js:286:20)
    at IncomingMessage.emit (events.js:203:15)
    at IncomingMessage.EventEmitter.emit (domain.js:448:20)
    at endReadableNT (_stream_readable.js:1129:12)
    at process._tickCallback (internal/process/next_tick.js:63:19)
[error] 
[error] Error: Failed to get Firebase project starset-4b548. Please make sure the project exists and your account has permission to access it.
[debug] [2020-09-02T08:03:06.822Z] ----------------------------------------------------------------------
[debug] [2020-09-02T08:03:06.824Z] Command:       C:\Program Files\nodejs\node.exe C:\Users\User\AppData\Roaming\npm\node_modules\firebase-tools\lib\bin\firebase.js init
[debug] [2020-09-02T08:03:06.825Z] CLI Version:   7.12.1
[debug] [2020-09-02T08:03:06.825Z] Platform:      win32
[debug] [2020-09-02T08:03:06.825Z] Node Version:  v10.16.0
[debug] [2020-09-02T08:03:06.825Z] Time:          Wed Sep 02 2020 11:03:06 GMT+0300 (GMT+03:00)
[debug] [2020-09-02T08:03:06.825Z] ----------------------------------------------------------------------
[debug] [2020-09-02T08:03:06.826Z] 
[debug] [2020-09-02T08:03:06.834Z] > command requires scopes: ["email","openid","https://www.googleapis.com/auth/cloudplatformprojects.readonly","https://www.googleapis.com/auth/firebase","https://www.googleapis.com/auth/cloud-platform"]
[debug] [2020-09-02T08:03:06.835Z] > authorizing via signed-in user
[info] 
     ######## #### ########  ######## ########     ###     ######  ########
     ##        ##  ##     ## ##       ##     ##  ##   ##  ##       ##
     ######    ##  ########  ######   ########  #########  ######  ######
     ##        ##  ##    ##  ##       ##     ## ##     ##       ## ##
     ##       #### ##     ## ######## ########  ##     ##  ######  ########

You're about to initialize a Firebase project in this directory:

  C:\Users\User

Before we get started, keep in mind:

  * You are initializing in an existing Firebase project directory

[debug] [2020-09-02T08:05:24.986Z] ----------------------------------------------------------------------
[debug] [2020-09-02T08:05:24.989Z] Command:       C:\Program Files\nodejs\node.exe C:\Users\User\AppData\Roaming\npm\node_modules\firebase-tools\lib\bin\firebase.js init
[debug] [2020-09-02T08:05:24.989Z] CLI Version:   7.12.1
[debug] [2020-09-02T08:05:24.989Z] Platform:      win32
[debug] [2020-09-02T08:05:24.989Z] Node Version:  v10.16.0
[debug] [2020-09-02T08:05:24.990Z] Time:          Wed Sep 02 2020 11:05:24 GMT+0300 (GMT+03:00)
[debug] [2020-09-02T08:05:24.990Z] ----------------------------------------------------------------------
[debug] [2020-09-02T08:05:24.990Z] 
[debug] [2020-09-02T08:05:24.999Z] > command requires scopes: ["email","openid","https://www.googleapis.com/auth/cloudplatformprojects.readonly","https://www.googleapis.com/auth/firebase","https://www.googleapis.com/auth/cloud-platform"]
[debug] [2020-09-02T08:05:25.000Z] > authorizing via signed-in user
[info] 
     ######## #### ########  ######## ########     ###     ######  ########
     ##        ##  ##     ## ##       ##     ##  ##   ##  ##       ##
     ######    ##  ########  ######   ########  #########  ######  ######
     ##        ##  ##    ##  ##       ##     ## ##     ##       ## ##
     ##       #### ##     ## ######## ########  ##     ##  ######  ########

You're about to initialize a Firebase project in this directory:

  C:\Users\User

Before we get started, keep in mind:

  * You are initializing in an existing Firebase project directory

[info] 
=== Project Setup
[info] 
[info] First, let's associate this project directory with a Firebase project.
[info] You can create multiple project aliases by running firebase use --add, 
[info] but for now we'll just set up a default project.
[info] 
[info] i  .firebaserc already has a default project, using starset-4b548.
[debug] [2020-09-02T08:05:35.505Z] > refreshing access token with scopes: ["email","https://www.googleapis.com/auth/cloud-platform","https://www.googleapis.com/auth/cloudplatformprojects.readonly","https://www.googleapis.com/auth/firebase","openid"]
[debug] [2020-09-02T08:05:35.505Z] >>> HTTP REQUEST POST https://www.googleapis.com/oauth2/v3/token  
 <request body omitted>
[debug] [2020-09-02T08:05:35.727Z] <<< HTTP RESPONSE 400
[debug] [2020-09-02T08:05:35.729Z] >>> HTTP REQUEST GET https://firebase.googleapis.com/v1beta1/projects/starset-4b548  
 
[debug] [2020-09-02T08:05:35.881Z] <<< HTTP RESPONSE 401
[debug] [2020-09-02T08:05:35.881Z] <<< HTTP RESPONSE BODY
[debug] [2020-09-02T08:05:35.883Z] HTTP Error: 401, Request had invalid authentication credentials. Expected OAuth 2 access token, login cookie or other valid authentication credential. See https://developers.google.com/identity/sign-in/web/devconsole-project.
[debug] [2020-09-02T08:05:36.065Z] FirebaseError: HTTP Error: 401, Request had invalid authentication credentials. Expected OAuth 2 access token, login cookie or other valid authentication credential. See https://developers.google.com/identity/sign-in/web/devconsole-project.
    at module.exports (C:\Users\User\AppData\Roaming\npm\node_modules\firebase-tools\lib\responseToError.js:38:12)
    at Request._callback (C:\Users\User\AppData\Roaming\npm\node_modules\firebase-tools\lib\api.js:39:35)
    at Request.self.callback (C:\Users\User\AppData\Roaming\npm\node_modules\firebase-tools\node_modules\request\request.js:185:22)
    at Request.emit (events.js:198:13)
    at Request.EventEmitter.emit (domain.js:448:20)
    at Request.<anonymous> (C:\Users\User\AppData\Roaming\npm\node_modules\firebase-tools\node_modules\request\request.js:1161:10)
    at Request.emit (events.js:198:13)
    at Request.EventEmitter.emit (domain.js:448:20)
    at IncomingMessage.<anonymous> (C:\Users\User\AppData\Roaming\npm\node_modules\firebase-tools\node_modules\request\request.js:1083:12)
    at Object.onceWrapper (events.js:286:20)
    at IncomingMessage.emit (events.js:203:15)
    at IncomingMessage.EventEmitter.emit (domain.js:448:20)
    at endReadableNT (_stream_readable.js:1129:12)
    at process._tickCallback (internal/process/next_tick.js:63:19)
[error] 
[error] Error: Failed to get Firebase project starset-4b548. Please make sure the project exists and your account has permission to access it.
[debug] [2020-09-02T08:06:26.897Z] ----------------------------------------------------------------------
[debug] [2020-09-02T08:06:26.899Z] Command:       C:\Program Files\nodejs\node.exe C:\Users\User\AppData\Roaming\npm\node_modules\firebase-tools\lib\bin\firebase.js init
[debug] [2020-09-02T08:06:26.900Z] CLI Version:   7.12.1
[debug] [2020-09-02T08:06:26.900Z] Platform:      win32
[debug] [2020-09-02T08:06:26.900Z] Node Version:  v10.16.0
[debug] [2020-09-02T08:06:26.900Z] Time:          Wed Sep 02 2020 11:06:26 GMT+0300 (GMT+03:00)
[debug] [2020-09-02T08:06:26.901Z] ----------------------------------------------------------------------
[debug] [2020-09-02T08:06:26.901Z] 
[debug] [2020-09-02T08:06:26.910Z] > command requires scopes: ["email","openid","https://www.googleapis.com/auth/cloudplatformprojects.readonly","https://www.googleapis.com/auth/firebase","https://www.googleapis.com/auth/cloud-platform"]
[debug] [2020-09-02T08:06:26.910Z] > authorizing via signed-in user
[info] 
     ######## #### ########  ######## ########     ###     ######  ########
     ##        ##  ##     ## ##       ##     ##  ##   ##  ##       ##
     ######    ##  ########  ######   ########  #########  ######  ######
     ##        ##  ##    ##  ##       ##     ## ##     ##       ## ##
     ##       #### ##     ## ######## ########  ##     ##  ######  ########

You're about to initialize a Firebase project in this directory:

  C:\Users\User

Before we get started, keep in mind:

  * You are initializing in an existing Firebase project directory

[info] 
=== Project Setup
[info] 
[info] First, let's associate this project directory with a Firebase project.
[info] You can create multiple project aliases by running firebase use --add, 
[info] but for now we'll just set up a default project.
[info] 
[info] i  .firebaserc already has a default project, using starset-4b548.
[debug] [2020-09-02T08:06:35.408Z] > refreshing access token with scopes: ["email","https://www.googleapis.com/auth/cloud-platform","https://www.googleapis.com/auth/cloudplatformprojects.readonly","https://www.googleapis.com/auth/firebase","openid"]
[debug] [2020-09-02T08:06:35.409Z] >>> HTTP REQUEST POST https://www.googleapis.com/oauth2/v3/token  
 <request body omitted>
[debug] [2020-09-02T08:06:35.666Z] <<< HTTP RESPONSE 400
[debug] [2020-09-02T08:06:35.668Z] >>> HTTP REQUEST GET https://firebase.googleapis.com/v1beta1/projects/starset-4b548  
 
[debug] [2020-09-02T08:06:35.822Z] <<< HTTP RESPONSE 401
[debug] [2020-09-02T08:06:35.822Z] <<< HTTP RESPONSE BODY
[debug] [2020-09-02T08:06:35.824Z] HTTP Error: 401, Request had invalid authentication credentials. Expected OAuth 2 access token, login cookie or other valid authentication credential. See https://developers.google.com/identity/sign-in/web/devconsole-project.
[debug] [2020-09-02T08:06:36.011Z] FirebaseError: HTTP Error: 401, Request had invalid authentication credentials. Expected OAuth 2 access token, login cookie or other valid authentication credential. See https://developers.google.com/identity/sign-in/web/devconsole-project.
    at module.exports (C:\Users\User\AppData\Roaming\npm\node_modules\firebase-tools\lib\responseToError.js:38:12)
    at Request._callback (C:\Users\User\AppData\Roaming\npm\node_modules\firebase-tools\lib\api.js:39:35)
    at Request.self.callback (C:\Users\User\AppData\Roaming\npm\node_modules\firebase-tools\node_modules\request\request.js:185:22)
    at Request.emit (events.js:198:13)
    at Request.EventEmitter.emit (domain.js:448:20)
    at Request.<anonymous> (C:\Users\User\AppData\Roaming\npm\node_modules\firebase-tools\node_modules\request\request.js:1161:10)
    at Request.emit (events.js:198:13)
    at Request.EventEmitter.emit (domain.js:448:20)
    at IncomingMessage.<anonymous> (C:\Users\User\AppData\Roaming\npm\node_modules\firebase-tools\node_modules\request\request.js:1083:12)
    at Object.onceWrapper (events.js:286:20)
    at IncomingMessage.emit (events.js:203:15)
    at IncomingMessage.EventEmitter.emit (domain.js:448:20)
    at endReadableNT (_stream_readable.js:1129:12)
    at process._tickCallback (internal/process/next_tick.js:63:19)
[error] 
[error] Error: Failed to get Firebase project starset-4b548. Please make sure the project exists and your account has permission to access it.
[debug] [2020-09-02T08:08:06.403Z] ----------------------------------------------------------------------
[debug] [2020-09-02T08:08:06.406Z] Command:       C:\Program Files\nodejs\node.exe C:\Users\User\AppData\Roaming\npm\node_modules\firebase-tools\lib\bin\firebase.js init
[debug] [2020-09-02T08:08:06.406Z] CLI Version:   7.12.1
[debug] [2020-09-02T08:08:06.406Z] Platform:      win32
[debug] [2020-09-02T08:08:06.406Z] Node Version:  v10.16.0
[debug] [2020-09-02T08:08:06.407Z] Time:          Wed Sep 02 2020 11:08:06 GMT+0300 (GMT+03:00)
[debug] [2020-09-02T08:08:06.407Z] ----------------------------------------------------------------------
[debug] [2020-09-02T08:08:06.407Z] 
[debug] [2020-09-02T08:08:06.416Z] > command requires scopes: ["email","openid","https://www.googleapis.com/auth/cloudplatformprojects.readonly","https://www.googleapis.com/auth/firebase","https://www.googleapis.com/auth/cloud-platform"]
[debug] [2020-09-02T08:08:06.417Z] > authorizing via signed-in user
[info] 
     ######## #### ########  ######## ########     ###     ######  ########
     ##        ##  ##     ## ##       ##     ##  ##   ##  ##       ##
     ######    ##  ########  ######   ########  #########  ######  ######
     ##        ##  ##    ##  ##       ##     ## ##     ##       ## ##
     ##       #### ##     ## ######## ########  ##     ##  ######  ########

You're about to initialize a Firebase project in this directory:

  C:\Users\User

Before we get started, keep in mind:

  * You are initializing in an existing Firebase project directory

[info] 
=== Project Setup
[info] 
[info] First, let's associate this project directory with a Firebase project.
[info] You can create multiple project aliases by running firebase use --add, 
[info] but for now we'll just set up a default project.
[info] 
[info] i  .firebaserc already has a default project, using starset-4b548.
[debug] [2020-09-02T08:08:14.528Z] > refreshing access token with scopes: ["email","https://www.googleapis.com/auth/cloud-platform","https://www.googleapis.com/auth/cloudplatformprojects.readonly","https://www.googleapis.com/auth/firebase","openid"]
[debug] [2020-09-02T08:08:14.529Z] >>> HTTP REQUEST POST https://www.googleapis.com/oauth2/v3/token  
 <request body omitted>
[debug] [2020-09-02T08:08:14.747Z] <<< HTTP RESPONSE 400
[debug] [2020-09-02T08:08:14.747Z] >>> HTTP REQUEST GET https://firebase.googleapis.com/v1beta1/projects/starset-4b548  
 
[debug] [2020-09-02T08:08:14.916Z] <<< HTTP RESPONSE 401
[debug] [2020-09-02T08:08:14.916Z] <<< HTTP RESPONSE BODY
[debug] [2020-09-02T08:08:14.919Z] HTTP Error: 401, Request had invalid authentication credentials. Expected OAuth 2 access token, login cookie or other valid authentication credential. See https://developers.google.com/identity/sign-in/web/devconsole-project.
[debug] [2020-09-02T08:08:15.102Z] FirebaseError: HTTP Error: 401, Request had invalid authentication credentials. Expected OAuth 2 access token, login cookie or other valid authentication credential. See https://developers.google.com/identity/sign-in/web/devconsole-project.
    at module.exports (C:\Users\User\AppData\Roaming\npm\node_modules\firebase-tools\lib\responseToError.js:38:12)
    at Request._callback (C:\Users\User\AppData\Roaming\npm\node_modules\firebase-tools\lib\api.js:39:35)
    at Request.self.callback (C:\Users\User\AppData\Roaming\npm\node_modules\firebase-tools\node_modules\request\request.js:185:22)
    at Request.emit (events.js:198:13)
    at Request.EventEmitter.emit (domain.js:448:20)
    at Request.<anonymous> (C:\Users\User\AppData\Roaming\npm\node_modules\firebase-tools\node_modules\request\request.js:1161:10)
    at Request.emit (events.js:198:13)
    at Request.EventEmitter.emit (domain.js:448:20)
    at IncomingMessage.<anonymous> (C:\Users\User\AppData\Roaming\npm\node_modules\firebase-tools\node_modules\request\request.js:1083:12)
    at Object.onceWrapper (events.js:286:20)
    at IncomingMessage.emit (events.js:203:15)
    at IncomingMessage.EventEmitter.emit (domain.js:448:20)
    at endReadableNT (_stream_readable.js:1129:12)
    at process._tickCallback (internal/process/next_tick.js:63:19)
[error] 
[error] Error: Failed to get Firebase project starset-4b548. Please make sure the project exists and your account has permission to access it.
